0 info it worked if it ends with ok
1 verbose cli [ '/usr/local/bin/node', '/usr/local/bin/npm', 'pub' ]
2 info using npm@4.0.5
3 info using node@v7.4.0
4 verbose publish [ '.' ]
5 silly cache add args [ '.', null ]
6 verbose cache add spec .
7 silly cache add parsed spec Result {
7 silly cache add   raw: '.',
7 silly cache add   scope: null,
7 silly cache add   escapedName: null,
7 silly cache add   name: null,
7 silly cache add   rawSpec: '.',
7 silly cache add   spec: '/Users/paolofragomeni/workroot/voltraco/mineral-loader',
7 silly cache add   type: 'directory' }
8 verbose addLocalDirectory /Users/paolofragomeni/.npm/mineral-loader/1.3.1/package.tgz not in flight; packing
9 verbose correctMkdir /Users/paolofragomeni/.npm correctMkdir not in flight; initializing
10 info lifecycle mineral-loader@1.3.1~prepublish: mineral-loader@1.3.1
11 silly lifecycle mineral-loader@1.3.1~prepublish: no script for prepublish, continuing
12 info lifecycle mineral-loader@1.3.1~prepare: mineral-loader@1.3.1
13 silly lifecycle mineral-loader@1.3.1~prepare: no script for prepare, continuing
14 verbose tar pack [ '/Users/paolofragomeni/.npm/mineral-loader/1.3.1/package.tgz',
14 verbose tar pack   '/Users/paolofragomeni/workroot/voltraco/mineral-loader' ]
15 verbose tarball /Users/paolofragomeni/.npm/mineral-loader/1.3.1/package.tgz
16 verbose folder /Users/paolofragomeni/workroot/voltraco/mineral-loader
17 verbose addLocalTarball adding from inside cache /Users/paolofragomeni/.npm/mineral-loader/1.3.1/package.tgz
18 verbose correctMkdir /Users/paolofragomeni/.npm correctMkdir not in flight; initializing
19 silly cache afterAdd mineral-loader@1.3.1
20 verbose afterAdd /Users/paolofragomeni/.npm/mineral-loader/1.3.1/package/package.json not in flight; writing
21 verbose correctMkdir /Users/paolofragomeni/.npm correctMkdir not in flight; initializing
22 verbose afterAdd /Users/paolofragomeni/.npm/mineral-loader/1.3.1/package/package.json written
23 silly publish { name: 'mineral-loader',
23 silly publish   version: '1.3.1',
23 silly publish   main: 'index.js',
23 silly publish   repository:
23 silly publish    { url: 'git+ssh://git@github.com/voltraco/mineral-loader.git',
23 silly publish      type: 'git' },
23 silly publish   author: { name: 'Voltra Co.', email: 'hello@voltra.co' },
23 silly publish   license: 'MIT',
23 silly publish   dependencies: { 'json-stringify-safe': '^5.0.1', mineral: '3.0.5' },
23 silly publish   readme: '# SYNOPSIS\nA webpack loader for mineral\n\n# DESCRIPTION\nAfter installing this loader, you will be able to use `require()` to read and\nparse mineral templates.\n\n# USAGE\n```js\nmodule.exports = {\n  node: {\n    __dirname: true,\n    fs: \'empty\'\n  },\n  module: {\n    loaders: [\n      {\n        test: /\\.min$/,\n        loader: \'mineral-loader\'\n      }\n    ]\n  }\n}\n```\n\n',
23 silly publish   readmeFilename: 'README.md',
23 silly publish   gitHead: 'e7014be626d4ba980a52c4502e672c893cb52abb',
23 silly publish   description: 'A webpack loader for mineral',
23 silly publish   bugs: { url: 'https://github.com/voltraco/mineral-loader/issues' },
23 silly publish   homepage: 'https://github.com/voltraco/mineral-loader#readme',
23 silly publish   _id: 'mineral-loader@1.3.1',
23 silly publish   scripts: {},
23 silly publish   _shasum: '2edd8105a5109111f8c69ad790c733471cf80572',
23 silly publish   _from: '.' }
24 info lifecycle mineral-loader@1.3.1~prepublishOnly: mineral-loader@1.3.1
25 silly lifecycle mineral-loader@1.3.1~prepublishOnly: no script for prepublishOnly, continuing
26 verbose getPublishConfig undefined
27 silly mapToRegistry name mineral-loader
28 silly mapToRegistry using default registry
29 silly mapToRegistry registry https://registry.npmjs.org/
30 silly mapToRegistry data Result {
30 silly mapToRegistry   raw: 'mineral-loader',
30 silly mapToRegistry   scope: null,
30 silly mapToRegistry   escapedName: 'mineral-loader',
30 silly mapToRegistry   name: 'mineral-loader',
30 silly mapToRegistry   rawSpec: '',
30 silly mapToRegistry   spec: 'latest',
30 silly mapToRegistry   type: 'tag' }
31 silly mapToRegistry uri https://registry.npmjs.org/mineral-loader
32 verbose publish registryBase https://registry.npmjs.org/
33 silly publish uploading /Users/paolofragomeni/.npm/mineral-loader/1.3.1/package.tgz
34 verbose request uri https://registry.npmjs.org/mineral-loader
35 verbose request sending authorization for write operation
36 info attempt registry request try #1 at 12:23:09 AM
37 verbose request using bearer token for auth
38 verbose request id e61c3430961cc32a
39 http request PUT https://registry.npmjs.org/mineral-loader
40 http 403 https://registry.npmjs.org/mineral-loader
41 verbose headers { 'content-type': 'application/json',
41 verbose headers   'cache-control': 'max-age=300',
41 verbose headers   'content-length': '95',
41 verbose headers   'accept-ranges': 'bytes',
41 verbose headers   date: 'Fri, 27 Jan 2017 23:23:11 GMT',
41 verbose headers   via: '1.1 varnish',
41 verbose headers   connection: 'keep-alive',
41 verbose headers   'x-served-by': 'cache-ams4122-AMS',
41 verbose headers   'x-cache': 'MISS',
41 verbose headers   'x-cache-hits': '0',
41 verbose headers   'x-timer': 'S1485559390.265986,VS0,VE964',
41 verbose headers   vary: 'Accept-Encoding' }
42 verbose request invalidating /Users/paolofragomeni/.npm/registry.npmjs.org/mineral-loader on PUT
43 error publish Failed PUT 403
44 verbose stack Error: "You cannot publish over the previously published version 1.3.1." : mineral-loader
44 verbose stack     at makeError (/usr/local/lib/node_modules/npm/node_modules/npm-registry-client/lib/request.js:302:12)
44 verbose stack     at CachingRegistryClient.<anonymous> (/usr/local/lib/node_modules/npm/node_modules/npm-registry-client/lib/request.js:290:14)
44 verbose stack     at Request._callback (/usr/local/lib/node_modules/npm/node_modules/npm-registry-client/lib/request.js:210:14)
44 verbose stack     at Request.self.callback (/usr/local/lib/node_modules/npm/node_modules/request/request.js:186:22)
44 verbose stack     at emitTwo (events.js:106:13)
44 verbose stack     at Request.emit (events.js:191:7)
44 verbose stack     at Request.<anonymous> (/usr/local/lib/node_modules/npm/node_modules/request/request.js:1081:10)
44 verbose stack     at emitOne (events.js:96:13)
44 verbose stack     at Request.emit (events.js:188:7)
44 verbose stack     at IncomingMessage.<anonymous> (/usr/local/lib/node_modules/npm/node_modules/request/request.js:1001:12)
45 verbose statusCode 403
46 verbose pkgid mineral-loader
47 verbose cwd /Users/paolofragomeni/workroot/voltraco/mineral-loader
48 error Darwin 16.3.0
49 error argv "/usr/local/bin/node" "/usr/local/bin/npm" "pub"
50 error node v7.4.0
51 error npm  v4.0.5
52 error code E403
53 error "You cannot publish over the previously published version 1.3.1." : mineral-loader
54 error If you need help, you may report this error at:
54 error     <https://github.com/npm/npm/issues>
55 verbose exit [ 1, true ]
